<?xml version="1.0" encoding="UTF-8"?>
<!-- Generated by org.testng.reporters.JUnitReportReporter -->
<testsuite hostname="NANDY" failures="0" tests="1" name="parameterizedtests.TestNGParametersDemo" time="0.016" errors="0" timestamp="2022-08-30T16:16:54 IST" skipped="0">
  <testcase classname="parameterizedtests.TestNGParametersDemo" name="test" time="0.016"/>
  <system-out/>
</testsuite> <!-- parameterizedtests.TestNGParametersDemo -->
