<?xml version="1.0" encoding="UTF-8"?>
<!-- Generated by org.testng.reporters.JUnitReportReporter -->
<testsuite hostname="NANDY" failures="0" tests="3" name="listeners.TestNGListenerDemo" time="29.750" errors="0" timestamp="2022-08-30T14:57:51 IST" skipped="1">
  <testcase classname="listeners.TestNGListenerDemo" name="test1" time="0.019"/>
  <system-out/>
  <testcase classname="listeners.TestNGListenerDemo" name="test2" time="29.728"/>
  <system-out/>
  <testcase classname="listeners.TestNGListenerDemo" name="test3" time="0.003">
    <skipped/>
  </testcase> <!-- test3 -->
  <system-out/>
</testsuite> <!-- listeners.TestNGListenerDemo -->
