<?xml version="1.0" encoding="UTF-8"?>
<!-- Generated by org.testng.reporters.JUnitReportReporter -->
<testsuite hostname="NANDY" failures="0" tests="3" name="priority.demo" time="0.020" errors="0" timestamp="2022-08-30T15:13:46 IST" skipped="0">
  <testcase classname="priority.demo" name="test3" time="0.015"/>
  <system-out/>
  <testcase classname="priority.demo" name="test1" time="0.003"/>
  <system-out/>
  <testcase classname="priority.demo" name="test2" time="0.002"/>
  <system-out/>
</testsuite> <!-- priority.demo -->
