<?xml version="1.0" encoding="UTF-8"?>
<!-- Generated by org.testng.reporters.JUnitReportReporter -->
<testsuite hostname="NANDY" failures="0" tests="3" name="listeners.TestNGListenerDemo2" time="0.008" errors="0" timestamp="2022-08-30T14:57:51 IST" skipped="1">
  <testcase classname="listeners.TestNGListenerDemo2" name="test6" time="0.001">
    <skipped/>
  </testcase> <!-- test6 -->
  <system-out/>
  <testcase classname="listeners.TestNGListenerDemo2" name="test4" time="0.004"/>
  <system-out/>
  <testcase classname="listeners.TestNGListenerDemo2" name="test5" time="0.003"/>
  <system-out/>
</testsuite> <!-- listeners.TestNGListenerDemo2 -->
