<?xml version="1.0" encoding="UTF-8"?>
<!-- Generated by org.testng.reporters.JUnitReportReporter -->
<testsuite hostname="NANDY" failures="0" tests="1" name="katalonrecorder.UntitledTestCase" time="45.246" errors="0" timestamp="2022-08-31T12:20:20 IST" skipped="0">
  <testcase classname="katalonrecorder.UntitledTestCase" name="testUntitledTestCase" time="45.246"/>
  <system-out/>
</testsuite> <!-- katalonrecorder.UntitledTestCase -->
