<?xml version="1.0" encoding="UTF-8"?>
<!-- Generated by org.testng.reporters.JUnitReportReporter -->
<testsuite hostname="NANDY" failures="0" tests="2" name="ignoretests.TestNGIgnoreDemo" time="0.023" errors="0" timestamp="2022-08-30T16:47:34 IST" skipped="1">
  <testcase classname="ignoretests.TestNGIgnoreDemo" name="test2" time="0.023"/>
  <system-out/>
  <testcase classname="ignoretests.TestNGIgnoreDemo" name="test1">
    <skipped/>
  </testcase> <!-- test1 -->
  <system-out/>
</testsuite> <!-- ignoretests.TestNGIgnoreDemo -->
