<?xml version="1.0" encoding="UTF-8"?>
<!-- Generated by org.testng.reporters.JUnitReportReporter -->
<testsuite hostname="NANDY" failures="0" tests="1" name="test.testNG2" time="4.466" errors="0" timestamp="2022-08-27T21:07:12 IST" skipped="0">
  <testcase classname="test.testNG2" name="GoogleSearch3" time="4.466"/>
  <system-out/>
</testsuite> <!-- test.testNG2 -->
