<?xml version="1.0" encoding="UTF-8"?>
<!-- Generated by org.testng.reporters.JUnitReportReporter -->
<testsuite hostname="NANDY" failures="0" tests="2" name="grouping.TestNGGroupsDemo" time="0.018" errors="0" timestamp="2022-08-30T15:57:00 IST" skipped="0">
  <testcase classname="grouping.TestNGGroupsDemo" name="test1" time="0.017"/>
  <system-out/>
  <testcase classname="grouping.TestNGGroupsDemo" name="test2" time="0.001"/>
  <system-out/>
</testsuite> <!-- grouping.TestNGGroupsDemo -->
