<?xml version="1.0" encoding="UTF-8"?>
<!-- Generated by org.testng.reporters.JUnitReportReporter -->
<testsuite hostname="NANDY" failures="0" tests="1" name="test.testNG" time="5.662" errors="0" timestamp="2022-08-29T13:13:37 IST" skipped="0">
  <testcase classname="test.testNG" name="GoogleSearch" time="5.662"/>
  <system-out/>
</testsuite> <!-- test.testNG -->
