<?xml version="1.0" encoding="UTF-8"?>
<!-- Generated by org.testng.reporters.JUnitReportReporter -->
<testsuite hostname="NANDY" failures="0" tests="1" name="multibrowser.TestNGMultiBrowserDemo" time="9.453" errors="0" timestamp="2022-08-30T15:28:51 IST" skipped="0">
  <testcase classname="multibrowser.TestNGMultiBrowserDemo" name="test1" time="9.453"/>
  <system-out/>
</testsuite> <!-- multibrowser.TestNGMultiBrowserDemo -->
